.=====================================================================.
                                                                       
  .d8888b.   .o8888b.  db  .d8888b.  d8888b. d88888b d8888b.  .d888b.  
 .8P    Y8. d8P    Y8  88 .8P    Y8. 88  `8D 88'     88  `8D .8P , Y8. 
 88      88 8P     .ooo88 88      88 88oooY' 88oooo  88oobY' 88  |  88 
 88      88 8b     `~~~88 88      88 88~~~b. 88~~~~  88`8b   88  |/ 88 
 `8b    d8' Y8b    d8  88 `8b    d8' 88   8D 88.     88 `88. `8b | d8' 
  `Y8888P'   `Y8888P'  YP  `Y8888P'  Y8888P' Y88888P 88   YD  `Y888P'  
                                                                       
`========================== INSTALLATION LOG ========================='

[2019/06/15 01:23:58] Host: Darwin omis-MacBook-Pro.local 18.6.0 Darwin Kernel Version 18.6.0: Thu Apr 25 23:16:27 PDT 2019; root:xnu-4903.261.4~2/RELEASE_X86_64 x86_64
[2019/06/15 01:23:58] PHP version: 7.1.30
[2019/06/15 01:23:58] Server software: nginx/1.17.0
[2019/06/15 01:23:58] Operating system: Darwin
[2019/06/15 01:23:58] Memory limit: 128M
[2019/06/15 01:23:58] Max execution time: 3600
.============================ POST REQUEST ==========================.
[2019/06/15 01:23:58] Postback payload: Array
(
    [code] => phpVersion
    [handler] => onCheckRequirement
)

[2019/06/15 01:23:58] System check: phpVersion
[2019/06/15 01:23:58] Requirement phpVersion +OK
[2019/06/15 01:23:58] Execute handler (onCheckRequirement): Array
(
    [result] => 1
)

.============================ POST REQUEST ==========================.
[2019/06/15 01:23:59] Postback payload: Array
(
    [code] => curlLibrary
    [handler] => onCheckRequirement
)

[2019/06/15 01:23:59] System check: curlLibrary
[2019/06/15 01:23:59] Requirement curlLibrary +OK
[2019/06/15 01:23:59] Execute handler (onCheckRequirement): Array
(
    [result] => 1
)

.============================ POST REQUEST ==========================.
[2019/06/15 01:23:59] Postback payload: Array
(
    [code] => liveConnection
    [handler] => onCheckRequirement
)

[2019/06/15 01:23:59] System check: liveConnection
[2019/06/15 01:24:01] Server request: ping
[2019/06/15 01:24:01] Request information: Array
(
    [url] => http://gateway.octobercms.com/api/ping
    [content_type] => application/json
    [http_code] => 200
    [header_size] => 418
    [request_size] => 173
    [filetime] => -1
    [ssl_verify_result] => 0
    [redirect_count] => 0
    [total_time] => 1.408299
    [namelookup_time] => 0.922021
    [connect_time] => 1.113093
    [pretransfer_time] => 1.113151
    [size_upload] => 34
    [size_download] => 12
    [speed_download] => 8
    [speed_upload] => 24
    [download_content_length] => -1
    [upload_content_length] => 34
    [starttransfer_time] => 0
    [redirect_time] => 0
    [redirect_url] => 
    [primary_ip] => 52.37.223.30
    [certinfo] => Array
        (
        )

    [primary_port] => 80
    [local_ip] => 192.168.0.104
    [local_port] => 65191
)

[2019/06/15 01:24:01] Requirement liveConnection +OK
[2019/06/15 01:24:01] Execute handler (onCheckRequirement): Array
(
    [result] => 1
)

